
{"message":"Connected to DB ","level":"info"}
{"message":{"firstName":"rajnesh","lastName":"rajnesh","email":"rajnesh3@mmi.com","mobileNumber":"9999922222"},"level":"info"}
{"message":{"statusCode":400,"msg":"User Already Exists"},"level":"info"}
{"message":{"firstName":"rajnesh","lastName":"rajnesh","email":"rajnesh3@mmi.com","mobileNumber":"9999922222"},"level":"info"}
{"message":{"statusCode":404,"msg":"Not found"},"level":"info"}
{"message":{"firstName":"rajnesh","lastName":"rajnesh","email":"rajnesh3@mmi.com","mobileNumber":"9999922222"},"level":"info"}
{"message":{"statusCode":404,"msg":"Not found"},"level":"info"}
{"message":{"firstName":"rajnesh","lastName":"rajnesh","email":"rajnesh3@mmi.com","mobileNumber":"9999922222"},"level":"info"}
{"message":{"statusCode":404,"msg":"Not found"},"level":"info"}
{"message":{"firstName":"rajnesh","lastName":"rajnesh","email":"rajnesh3@mmi.com","mobileNumber":"9999922222"},"level":"info"}
{"message":{"statusCode":404,"msg":"Not found"},"level":"info"}
{"message":{"firstName":"rajnesh","lastName":"rajnesh","email":"rajnesh3@mmi.com","mobileNumber":"9999922222"},"level":"info"}
{"message":{"statusCode":404,"msg":"Not found"},"level":"info"}
{"message":"Connected to DB ","level":"info"}
{"message":{"tirle":"James Cameron","director":"6139f623dd17253b4c523f28","actors":["6139f623dd17253b4c523f29","6139f623dd17253b4c523f2a"]},"level":"info"}
{"message":{"actors":[{"name":"Arnold Schwarzenegger"},{"name":"Linda Hamilton"}],"title":"Terminator 2","director":{"name":"James Cameron"},"__v":0},"level":"info"}
{"message":"Connected to DB ","level":"info"}
{"message":{"tirle":"James Cameron","director":"6139f623dd17253b4c523f28","actors":["6139f623dd17253b4c523f29","6139f623dd17253b4c523f2a"]},"level":"info"}
{"message":{"actors":[{"name":"Arnold Schwarzenegger"},{"name":"Linda Hamilton"}],"title":"Terminator 2","director":{"name":"James Cameron"},"__v":0},"level":"info"}
{"message":"Connected to DB ","level":"info"}
{"message":{"tirle":"James Cameron","director":"6139f623dd17253b4c523f28","actors":["6139f623dd17253b4c523f29","6139f623dd17253b4c523f2a"]},"level":"info"}
{"message":{"actors":[{"name":"Arnold Schwarzenegger"},{"name":"Linda Hamilton"}],"title":"Terminator 2","director":{"name":"James Cameron"},"__v":0},"level":"info"}
{"message":"Connected to DB ","level":"info"}
{"message":"Connected to DB ","level":"info"}
{"message":"Connected to DB ","level":"info"}
{"message":"Connected to DB ","level":"info"}
{"message":{"tirle":"James Cameron","director":"6139f623dd17253b4c523f28","actors":["6139f623dd17253b4c523f29","6139f623dd17253b4c523f2a"]},"level":"info"}
{"message":[{"_id":"61387ffdc4aba80690c5bde1","name":"Worf","age":24,"rank":"Lieutenant","__v":0},{"_id":"6138990117a69a41d4880044","name":"Worf","age":24,"rank":"Lieutenant","__v":0},{"_id":"61389974777d6f39286220a2","name":"Worf","age":24,"rank":"Lieutenant","__v":0}],"level":"info"}
{"message":"Connected to DB ","level":"info"}
{"message":"Connected to DB ","level":"info"}
{"message":"Connected to DB ","level":"info"}
{"message":{"tirle":"James Cameron","director":"6139f623dd17253b4c523f28","actors":["6139f623dd17253b4c523f29","6139f623dd17253b4c523f2a"]},"level":"info"}
{"message":"Connected to DB ","level":"info"}
{"message":{"tirle":"James Cameron","director":"6139f623dd17253b4c523f28","actors":["6139f623dd17253b4c523f29","6139f623dd17253b4c523f2a"]},"level":"info"}
{"message":"doc is not defined","level":"info"}
{"message":"Connected to DB ","level":"info"}
{"message":{"tirle":"James Cameron","director":"6139f623dd17253b4c523f28","actors":["6139f623dd17253b4c523f29","6139f623dd17253b4c523f2a"]},"level":"info"}
{"message":"Connected to DB ","level":"info"}
{"message":"Connected to DB ","level":"info"}
{"message":"Connected to DB ","level":"info"}
{"message":{"tirle":"James Cameron","director":"6139f623dd17253b4c523f28","actors":["6139f623dd17253b4c523f29","6139f623dd17253b4c523f2a"]},"level":"info"}
{"message":[{"_id":"61387ffdc4aba80690c5bddd","name":"Jean Luc Picard","age":59,"rank":"Captain","__v":0},{"_id":"61387ffdc4aba80690c5bdde","name":"Jean William Riker","age":29,"rank":"Commander","__v":0},{"_id":"61387ffdc4aba80690c5bddf","name":"Jean Deanna Troi","age":29,"rank":"Lieutenant Commander","__v":0},{"_id":"61387ffdc4aba80690c5bde0","name":"Geordi La Forge","age":29,"rank":"Lieutenant","__v":0},{"_id":"61387ffdc4aba80690c5bde1","name":"Worf","age":24,"rank":"Lieutenant","__v":0},{"_id":"6138990117a69a41d4880040","name":"Jean-Luc Picard","age":59,"rank":"Captain","__v":0},{"_id":"6138990117a69a41d4880041","name":"William Riker","age":29,"rank":"Commander","__v":0},{"_id":"6138990117a69a41d4880042","name":"Deanna Troi","age":28,"rank":"Lieutenant Commander","__v":0},{"_id":"6138990117a69a41d4880043","name":"Geordi La Forge","age":29,"rank":"Lieutenant","__v":0},{"_id":"6138990117a69a41d4880044","name":"Worf","age":24,"rank":"Lieutenant","__v":0},{"_id":"61389974777d6f392862209e","name":"Jean-Luc Picard","age":59,"rank":"Captain","__v":0},{"_id":"61389974777d6f392862209f","name":"William Riker","age":29,"rank":"Commander","__v":0},{"_id":"61389974777d6f39286220a0","name":"Deanna Troi","age":28,"rank":"Lieutenant Commander","__v":0},{"_id":"61389974777d6f39286220a1","name":"Geordi La Forge","age":29,"rank":"Lieutenant","__v":0},{"_id":"61389974777d6f39286220a2","name":"Worf","age":24,"rank":"Lieutenant","__v":0}],"level":"info"}
{"message":"Connected to DB ","level":"info"}
{"message":{"tirle":"James Cameron","director":"6139f623dd17253b4c523f28","actors":["6139f623dd17253b4c523f29","6139f623dd17253b4c523f2a"]},"level":"info"}
{"message":[{"_id":"61387ffdc4aba80690c5bddd","name":"Jean Luc Picard","age":59,"rank":"Captain","__v":0},{"_id":"61387ffdc4aba80690c5bdde","name":"Jean William Riker","age":29,"rank":"Commander","__v":0},{"_id":"61387ffdc4aba80690c5bddf","name":"Jean Deanna Troi","age":29,"rank":"Lieutenant Commander","__v":0},{"_id":"61387ffdc4aba80690c5bde0","name":"Geordi La Forge","age":29,"rank":"Lieutenant","__v":0},{"_id":"6138990117a69a41d4880040","name":"Jean-Luc Picard","age":59,"rank":"Captain","__v":0},{"_id":"6138990117a69a41d4880041","name":"William Riker","age":29,"rank":"Commander","__v":0},{"_id":"6138990117a69a41d4880042","name":"Deanna Troi","age":28,"rank":"Lieutenant Commander","__v":0},{"_id":"6138990117a69a41d4880043","name":"Geordi La Forge","age":29,"rank":"Lieutenant","__v":0},{"_id":"61389974777d6f392862209e","name":"Jean-Luc Picard","age":59,"rank":"Captain","__v":0},{"_id":"61389974777d6f392862209f","name":"William Riker","age":29,"rank":"Commander","__v":0},{"_id":"61389974777d6f39286220a0","name":"Deanna Troi","age":28,"rank":"Lieutenant Commander","__v":0},{"_id":"61389974777d6f39286220a1","name":"Geordi La Forge","age":29,"rank":"Lieutenant","__v":0}],"level":"info"}
{"message":"Connected to DB ","level":"info"}
{"message":{"tirle":"James Cameron","director":"6139f623dd17253b4c523f28","actors":["6139f623dd17253b4c523f29","6139f623dd17253b4c523f2a"]},"level":"info"}
{"message":[{"_id":"61387ffdc4aba80690c5bddd","name":"Jean Luc Picard","age":59,"rank":"Captain","__v":0},{"_id":"61387ffdc4aba80690c5bdde","name":"Jean William Riker","age":29,"rank":"Commander","__v":0},{"_id":"61387ffdc4aba80690c5bddf","name":"Jean Deanna Troi","age":29,"rank":"Lieutenant Commander","__v":0},{"_id":"61387ffdc4aba80690c5bde0","name":"Geordi La Forge","age":29,"rank":"Lieutenant","__v":0},{"_id":"6138990117a69a41d4880040","name":"Jean-Luc Picard","age":59,"rank":"Captain","__v":0},{"_id":"6138990117a69a41d4880041","name":"William Riker","age":29,"rank":"Commander","__v":0},{"_id":"6138990117a69a41d4880042","name":"Deanna Troi","age":28,"rank":"Lieutenant Commander","__v":0},{"_id":"6138990117a69a41d4880043","name":"Geordi La Forge","age":29,"rank":"Lieutenant","__v":0},{"_id":"61389974777d6f392862209e","name":"Jean-Luc Picard","age":59,"rank":"Captain","__v":0},{"_id":"61389974777d6f392862209f","name":"William Riker","age":29,"rank":"Commander","__v":0},{"_id":"61389974777d6f39286220a0","name":"Deanna Troi","age":28,"rank":"Lieutenant Commander","__v":0},{"_id":"61389974777d6f39286220a1","name":"Geordi La Forge","age":29,"rank":"Lieutenant","__v":0}],"level":"info"}
{"message":"Connected to DB ","level":"info"}
{"message":{"tirle":"James Cameron","director":"6139f623dd17253b4c523f28","actors":["6139f623dd17253b4c523f29","6139f623dd17253b4c523f2a"]},"level":"info"}
{"message":[{"_id":"61387ffdc4aba80690c5bddd","name":"Jean Luc Picard","age":59,"rank":"Captain","__v":0},{"_id":"61387ffdc4aba80690c5bdde","name":"Jean William Riker","age":29,"rank":"Commander","__v":0},{"_id":"61387ffdc4aba80690c5bddf","name":"Jean Deanna Troi","age":29,"rank":"Lieutenant Commander","__v":0},{"_id":"61387ffdc4aba80690c5bde0","name":"Geordi La Forge","age":29,"rank":"Lieutenant","__v":0},{"_id":"6138990117a69a41d4880040","name":"Jean-Luc Picard","age":59,"rank":"Captain","__v":0},{"_id":"6138990117a69a41d4880041","name":"William Riker","age":29,"rank":"Commander","__v":0},{"_id":"6138990117a69a41d4880042","name":"Deanna Troi","age":28,"rank":"Lieutenant Commander","__v":0},{"_id":"6138990117a69a41d4880043","name":"Geordi La Forge","age":29,"rank":"Lieutenant","__v":0},{"_id":"61389974777d6f392862209e","name":"Jean-Luc Picard","age":59,"rank":"Captain","__v":0},{"_id":"61389974777d6f392862209f","name":"William Riker","age":29,"rank":"Commander","__v":0},{"_id":"61389974777d6f39286220a0","name":"Deanna Troi","age":28,"rank":"Lieutenant Commander","__v":0},{"_id":"61389974777d6f39286220a1","name":"Geordi La Forge","age":29,"rank":"Lieutenant","__v":0}],"level":"info"}
{"message":{"tirle":"James Cameron","director":"6139f623dd17253b4c523f28","actors":["6139f623dd17253b4c523f29","6139f623dd17253b4c523f2a"]},"level":"info"}
{"message":[{"_id":"61387ffdc4aba80690c5bddd","name":"Jean Luc Picard","age":59,"rank":"Captain","__v":0},{"_id":"61387ffdc4aba80690c5bdde","name":"Jean William Riker","age":29,"rank":"Commander","__v":0},{"_id":"61387ffdc4aba80690c5bddf","name":"Jean Deanna Troi","age":29,"rank":"Lieutenant Commander","__v":0},{"_id":"61387ffdc4aba80690c5bde0","name":"Geordi La Forge","age":29,"rank":"Lieutenant","__v":0},{"_id":"6138990117a69a41d4880040","name":"Jean-Luc Picard","age":59,"rank":"Captain","__v":0},{"_id":"6138990117a69a41d4880041","name":"William Riker","age":29,"rank":"Commander","__v":0},{"_id":"6138990117a69a41d4880042","name":"Deanna Troi","age":28,"rank":"Lieutenant Commander","__v":0},{"_id":"6138990117a69a41d4880043","name":"Geordi La Forge","age":29,"rank":"Lieutenant","__v":0},{"_id":"61389974777d6f392862209e","name":"Jean-Luc Picard","age":59,"rank":"Captain","__v":0},{"_id":"61389974777d6f392862209f","name":"William Riker","age":29,"rank":"Commander","__v":0},{"_id":"61389974777d6f39286220a0","name":"Deanna Troi","age":28,"rank":"Lieutenant Commander","__v":0},{"_id":"61389974777d6f39286220a1","name":"Geordi La Forge","age":29,"rank":"Lieutenant","__v":0}],"level":"info"}
{"message":"Connected to DB ","level":"info"}
{"message":"Connected to DB ","level":"info"}
{"message":"Connected to DB ","level":"info"}
{"message":"Connected to DB ","level":"info"}
{"message":{"tirle":"James Cameron","director":"6139f623dd17253b4c523f28","actors":["6139f623dd17253b4c523f29","6139f623dd17253b4c523f2a"]},"level":"info"}
{"message":[{"_id":"61387ffdc4aba80690c5bde1","name":"Worf","age":24,"rank":"Lieutenant","__v":0},{"_id":"6138990117a69a41d4880044","name":"Worf","age":24,"rank":"Lieutenant","__v":0},{"_id":"61389974777d6f39286220a2","name":"Worf","age":24,"rank":"Lieutenant","__v":0}],"level":"info"}
{"message":"Connected to DB ","level":"info"}
{"message":{"tirle":"James Cameron","director":"6139f623dd17253b4c523f28","actors":["6139f623dd17253b4c523f29","6139f623dd17253b4c523f2a"]},"level":"info"}
{"message":[{"_id":"61387ffdc4aba80690c5bde1","__v":0},{"_id":"6138990117a69a41d4880044","__v":0},{"_id":"61389974777d6f39286220a2","__v":0}],"level":"info"}
